<?xml version="1.0" encoding="UTF-8"?>
<testsuite name="models.CommandTEST" tests="2" skipped="0" failures="0" errors="0" timestamp="2023-05-03T14:41:08" hostname="DESKTOP-RJ24N1J" time="1.272">
  <properties/>
  <testcase name="start function should be called()" classname="models.CommandTEST" time="1.187"/>
  <testcase name="test removeById()" classname="models.CommandTEST" time="0.082"/>
  <system-out><![CDATA[]]></system-out>
  <system-err><![CDATA[SLF4J: No SLF4J providers were found.
SLF4J: Defaulting to no-operation (NOP) logger implementation
SLF4J: See https://www.slf4j.org/codes.html#noProviders for further details.
]]></system-err>
</testsuite>
